<?xml version="1.0" encoding="UTF-8"?>
<testng-results skipped="0" failed="0" ignored="0" total="3" passed="3">
  <reporter-output>
  </reporter-output>
  <suite name="Default suite" duration-ms="17989" started-at="2019-12-22T22:29:32 EST" finished-at="2019-12-22T22:29:49 EST">
    <groups>
    </groups>
    <test name="Default test" duration-ms="17989" started-at="2019-12-22T22:29:32 EST" finished-at="2019-12-22T22:29:49 EST">
      <class name="qaclickacademy.NavigateTest">
        <test-method status="PASS" signature="beforeTest()[pri:0, instance:qaclickacademy.NavigateTest@7b49cea0]" name="beforeTest" is-config="true" duration-ms="5685" started-at="2019-12-22T22:29:32 EST" finished-at="2019-12-22T22:29:37 EST">
          <reporter-output>
          </reporter-output>
        </test-method> <!-- beforeTest -->
        <test-method status="PASS" signature="basePageNavigation(java.lang.String, java.lang.String)[pri:0, instance:qaclickacademy.NavigateTest@7b49cea0]" name="basePageNavigation" duration-ms="6738" started-at="2019-12-22T22:29:37 EST" data-provider="getData" finished-at="2019-12-22T22:29:44 EST">
          <params>
            <param index="0">
              <value>
                <![CDATA[erkamguler67@gmail.com]]>
              </value>
            </param>
            <param index="1">
              <value>
                <![CDATA[123]]>
              </value>
            </param>
          </params>
          <reporter-output>
          </reporter-output>
        </test-method> <!-- basePageNavigation -->
        <test-method status="PASS" signature="basePageNavigation(java.lang.String, java.lang.String)[pri:0, instance:qaclickacademy.NavigateTest@7b49cea0]" name="basePageNavigation" duration-ms="3787" started-at="2019-12-22T22:29:44 EST" data-provider="getData" finished-at="2019-12-22T22:29:48 EST">
          <params>
            <param index="0">
              <value>
                <![CDATA[erkamguler1903@gmail.com]]>
              </value>
            </param>
            <param index="1">
              <value>
                <![CDATA[1234]]>
              </value>
            </param>
          </params>
          <reporter-output>
          </reporter-output>
        </test-method> <!-- basePageNavigation -->
        <test-method status="PASS" signature="homePageNavigation()[pri:0, instance:qaclickacademy.NavigateTest@7b49cea0]" name="homePageNavigation" duration-ms="1741" started-at="2019-12-22T22:29:48 EST" finished-at="2019-12-22T22:29:49 EST">
          <reporter-output>
          </reporter-output>
        </test-method> <!-- homePageNavigation -->
      </class> <!-- qaclickacademy.NavigateTest -->
    </test> <!-- Default test -->
  </suite> <!-- Default suite -->
</testng-results>
